<html>
<head>
<title>TestNG:  Personal Loan</title>
<link href="../testng.css" rel="stylesheet" type="text/css" />
<link href="../my-testng.css" rel="stylesheet" type="text/css" />

<style type="text/css">
.log { display: none;} 
.stack-trace { display: none;} 
</style>
<script type="text/javascript">
<!--
function flip(e) {
  current = e.style.display;
  if (current == 'block') {
    e.style.display = 'none';
    return 0;
  }
  else {
    e.style.display = 'block';
    return 1;
  }
}

function toggleBox(szDivId, elem, msg1, msg2)
{
  var res = -1;  if (document.getElementById) {
    res = flip(document.getElementById(szDivId));
  }
  else if (document.all) {
    // this is the way old msie versions work
    res = flip(document.all[szDivId]);
  }
  if(elem) {
    if(res == 0) elem.innerHTML = msg1; else elem.innerHTML = msg2;
  }

}

function toggleAllBoxes() {
  if (document.getElementsByTagName) {
    d = document.getElementsByTagName('div');
    for (i = 0; i < d.length; i++) {
      if (d[i].className == 'log') {
        flip(d[i]);
      }
    }
  }
}

// -->
</script>

</head>
<body>
<h2 align='center'>Personal Loan</h2><table border='1' align="center">
<tr>
<td>Tests passed/Failed/Skipped:</td><td>20/1/0</td>
</tr><tr>
<td>Started on:</td><td>Mon Jun 15 00:40:05 BST 2020</td>
</tr>
<tr><td>Total time:</td><td>0 seconds (75 ms)</td>
</tr><tr>
<td>Included groups:</td><td></td>
</tr><tr>
<td>Excluded groups:</td><td></td>
</tr>
</table><p/>
<small><i>(Hover the method name to see the test class name)</i></small><p/>
<table width='100%' border='1' class='invocation-failed'>
<tr><td colspan='4' align='center'><b>FAILED TESTS</b></td></tr>
<tr><td><b>Test method</b></td>
<td width="30%"><b>Exception</b></td>
<td width="10%"><b>Time (seconds)</b></td>
<td><b>Instance</b></td>
</tr>
<tr>
<td title='TestNGBasic.Step4HomeLoan.mobileHomeLoan()'><b>mobileHomeLoan</b><br>Test class: TestNGBasic.Step4HomeLoan</td>
<td><div><pre>java.lang.AssertionError: expected [true] but found [false]
	at org.testng.Assert.fail(Assert.java:97)
	at org.testng.Assert.failNotEquals(Assert.java:969)
	at org.testng.Assert.assertTrue(Assert.java:43)
	at org.testng.Assert.assertTrue(Assert.java:53)
	at TestNGBasic.Step4HomeLoan.mobileHomeLoan(Step4HomeLoan.java:28)
	at sun.reflect.NativeMethodAccessorImpl.invoke0(Native Method)
	at sun.reflect.NativeMethodAccessorImpl.invoke(NativeMethodAccessorImpl.java:62)
	at sun.reflect.DelegatingMethodAccessorImpl.invoke(DelegatingMethodAccessorImpl.java:43)
	at java.lang.reflect.Method.invoke(Method.java:498)
	at org.testng.internal.MethodInvocationHelper.invokeMethod(MethodInvocationHelper.java:134)
	at org.testng.internal.TestInvoker.invokeMethod(TestInvoker.java:597)
	at org.testng.internal.TestInvoker.invokeTestMethod(TestInvoker.java:173)
	at org.testng.internal.MethodRunner.runInSequence(MethodRunner.java:46)
	at org.testng.internal.TestInvoker$MethodInvocationAgent.invoke(TestInvoker.java:816)
	at org.testng.internal.TestInvoker.invokeTestMethods(TestInvoker.java:146)
	at org.testng.internal.TestMethodWorker.invokeTestMethods(TestMethodWorker.java:146)
	at org.testng.internal.TestMethodWorker.run(TestMethodWorker.java:128)
	at java.util.concurrent.ThreadPoolExecutor.runWorker(ThreadPoolExecutor.java:1149)
	at java.util.concurrent.ThreadPoolExecutor$Worker.run(ThreadPoolExecutor.java:624)
	at java.lang.Thread.run(Thread.java:748)
</pre></div><a href='#' onClick='toggleBox("stack-trace278152061", this, "Click to show all stack frames", "Click to hide stack frames")'>Click to show all stack frames</a>
<div class='stack-trace' id='stack-trace278152061'><pre>java.lang.AssertionError: expected [true] but found [false]
	at org.testng.Assert.fail(Assert.java:97)
	at org.testng.Assert.failNotEquals(Assert.java:969)
	at org.testng.Assert.assertTrue(Assert.java:43)
	at org.testng.Assert.assertTrue(Assert.java:53)
	at TestNGBasic.Step4HomeLoan.mobileHomeLoan(Step4HomeLoan.java:28)
	at sun.reflect.NativeMethodAccessorImpl.invoke0(Native Method)
	at sun.reflect.NativeMethodAccessorImpl.invoke(NativeMethodAccessorImpl.java:62)
	at sun.reflect.DelegatingMethodAccessorImpl.invoke(DelegatingMethodAccessorImpl.java:43)
	at java.lang.reflect.Method.invoke(Method.java:498)
	at org.testng.internal.MethodInvocationHelper.invokeMethod(MethodInvocationHelper.java:134)
	at org.testng.internal.TestInvoker.invokeMethod(TestInvoker.java:597)
	at org.testng.internal.TestInvoker.invokeTestMethod(TestInvoker.java:173)
	at org.testng.internal.MethodRunner.runInSequence(MethodRunner.java:46)
	at org.testng.internal.TestInvoker$MethodInvocationAgent.invoke(TestInvoker.java:816)
	at org.testng.internal.TestInvoker.invokeTestMethods(TestInvoker.java:146)
	at org.testng.internal.TestMethodWorker.invokeTestMethods(TestMethodWorker.java:146)
	at org.testng.internal.TestMethodWorker.run(TestMethodWorker.java:128)
	at java.util.concurrent.ThreadPoolExecutor.runWorker(ThreadPoolExecutor.java:1149)
	at java.util.concurrent.ThreadPoolExecutor$Worker.run(ThreadPoolExecutor.java:624)
	at java.lang.Thread.run(Thread.java:748)
</pre></div></td>
<td>0</td>
<td>TestNGBasic.Step4HomeLoan@3a82f6ef</td></tr>
</table><p>
<table width='100%' border='1' class='invocation-passed'>
<tr><td colspan='4' align='center'><b>PASSED TESTS</b></td></tr>
<tr><td><b>Test method</b></td>
<td width="30%"><b>Exception</b></td>
<td width="10%"><b>Time (seconds)</b></td>
<td><b>Instance</b></td>
</tr>
<tr>
<td title='TestNGBasic.Step3CarLoan.apiCarloan()'><b>apiCarloan</b><br>Test class: TestNGBasic.Step3CarLoan</td>
<td></td>
<td>0</td>
<td>TestNGBasic.Step3CarLoan@5d5eef3d</td></tr>
<tr>
<td title='TestNGBasic.Step4HomeLoan.apiHomeloan()'><b>apiHomeloan</b><br>Test class: TestNGBasic.Step4HomeLoan</td>
<td></td>
<td>0</td>
<td>TestNGBasic.Step4HomeLoan@3a82f6ef</td></tr>
<tr>
<td title='TestNGBasic.Step5MobileTest.facebookLogin()'><b>facebookLogin</b><br>Test class: TestNGBasic.Step5MobileTest</td>
<td></td>
<td>0</td>
<td>TestNGBasic.Step5MobileTest@100fc185</td></tr>
<tr>
<td title='TestNGBasic.Step1TestNG.firstTestNG()'><b>firstTestNG</b><br>Test class: TestNGBasic.Step1TestNG</td>
<td></td>
<td>0</td>
<td>TestNGBasic.Step1TestNG@6cc4c815</td></tr>
<tr>
<td title='TestNGBasic.Step5MobileTest.instaLogin()'><b>instaLogin</b><br>Test class: TestNGBasic.Step5MobileTest</td>
<td></td>
<td>0</td>
<td>TestNGBasic.Step5MobileTest@100fc185</td></tr>
<tr>
<td title='TestNGBasic.Step5MobileTest.mobileApp()'><b>mobileApp</b><br>Test class: TestNGBasic.Step5MobileTest</td>
<td></td>
<td>0</td>
<td>TestNGBasic.Step5MobileTest@100fc185</td></tr>
<tr>
<td title='TestNGBasic.Step5MobileTest.mobileCamera()'><b>mobileCamera</b><br>Test class: TestNGBasic.Step5MobileTest</td>
<td></td>
<td>0</td>
<td>TestNGBasic.Step5MobileTest@100fc185</td></tr>
<tr>
<td title='TestNGBasic.Step3CarLoan.mobileCarLoan()'><b>mobileCarLoan</b><br>Test class: TestNGBasic.Step3CarLoan<br>Parameters: personallogin.com</td>
<td></td>
<td>0</td>
<td>TestNGBasic.Step3CarLoan@5d5eef3d</td></tr>
<tr>
<td title='TestNGBasic.Step5MobileTest.mobileFilemanager()'><b>mobileFilemanager</b><br>Test class: TestNGBasic.Step5MobileTest</td>
<td></td>
<td>0</td>
<td>TestNGBasic.Step5MobileTest@100fc185</td></tr>
<tr>
<td title='TestNGBasic.Step5MobileTest.mobileGallery()'><b>mobileGallery</b><br>Test class: TestNGBasic.Step5MobileTest</td>
<td></td>
<td>0</td>
<td>TestNGBasic.Step5MobileTest@100fc185</td></tr>
<tr>
<td title='TestNGBasic.Step5MobileTest.mobileLogin()'><b>mobileLogin</b><br>Test class: TestNGBasic.Step5MobileTest</td>
<td></td>
<td>0</td>
<td>TestNGBasic.Step5MobileTest@100fc185</td></tr>
<tr>
<td title='TestNGBasic.Step5MobileTest.mobileName()'><b>mobileName</b><br>Test class: TestNGBasic.Step5MobileTest</td>
<td></td>
<td>0</td>
<td>TestNGBasic.Step5MobileTest@100fc185</td></tr>
<tr>
<td title='TestNGBasic.Step5MobileTest.mobileRegister()'><b>mobileRegister</b><br>Test class: TestNGBasic.Step5MobileTest</td>
<td></td>
<td>0</td>
<td>TestNGBasic.Step5MobileTest@100fc185</td></tr>
<tr>
<td title='TestNGBasic.Step2Loan.ploan()'><b>ploan</b><br>Test class: TestNGBasic.Step2Loan</td>
<td></td>
<td>0</td>
<td>TestNGBasic.Step2Loan@56f4468b</td></tr>
<tr>
<td title='TestNGBasic.Step1TestNG.secondTest()'><b>secondTest</b><br>Test class: TestNGBasic.Step1TestNG<br>Parameters: carloan.com, 124546</td>
<td></td>
<td>0</td>
<td>TestNGBasic.Step1TestNG@6cc4c815</td></tr>
<tr>
<td title='TestNGBasic.Step6DataProvider.setData()'><b>setData</b><br>Test class: TestNGBasic.Step6DataProvider<br>Parameters: FirstName, Firstpassword</td>
<td></td>
<td>0</td>
<td>TestNGBasic.Step6DataProvider@643b1d11</td></tr>
<tr>
<td title='TestNGBasic.Step6DataProvider.setData()'><b>setData</b><br>Test class: TestNGBasic.Step6DataProvider<br>Parameters: SecondName, Secondpassword</td>
<td></td>
<td>0</td>
<td>TestNGBasic.Step6DataProvider@643b1d11</td></tr>
<tr>
<td title='TestNGBasic.Step6DataProvider.setData()'><b>setData</b><br>Test class: TestNGBasic.Step6DataProvider<br>Parameters: ThirdName, Thirdpassword</td>
<td></td>
<td>0</td>
<td>TestNGBasic.Step6DataProvider@643b1d11</td></tr>
<tr>
<td title='TestNGBasic.Step3CarLoan.webCarLoan()'><b>webCarLoan</b><br>Test class: TestNGBasic.Step3CarLoan<br>Parameters: personallogin.com</td>
<td></td>
<td>0</td>
<td>TestNGBasic.Step3CarLoan@5d5eef3d</td></tr>
<tr>
<td title='TestNGBasic.Step4HomeLoan.webHomeLoan()'><b>webHomeLoan</b><br>Test class: TestNGBasic.Step4HomeLoan</td>
<td></td>
<td>0</td>
<td>TestNGBasic.Step4HomeLoan@3a82f6ef</td></tr>
</table><p>
</body>
</html>